<?xml version="1.0" encoding="UTF-8"?>
<testng-results ignored="0" total="1" passed="1" failed="0" skipped="0">
  <reporter-output>
  </reporter-output>
  <suite started-at="2020-12-31T13:24:44 IST" name="Default suite" finished-at="2020-12-31T13:24:45 IST" duration-ms="1307">
    <groups>
      <group name="cucumber">
        <method signature="AbstractTestNGCucumberTests.runScenario(io.cucumber.testng.PickleWrapper, io.cucumber.testng.FeatureWrapper)[pri:0, instance:com.wq.runner.RunnerService@29e495ff]" name="runScenario" class="io.cucumber.testng.AbstractTestNGCucumberTests"/>
      </group> <!-- cucumber -->
    </groups>
    <test started-at="2020-12-31T13:24:44 IST" name="Default test" finished-at="2020-12-31T13:24:45 IST" duration-ms="1307">
      <class name="com.wq.runner.RunnerService">
        <test-method is-config="true" signature="setUpClass()[pri:0, instance:com.wq.runner.RunnerService@29e495ff]" started-at="2020-12-31T13:24:44 IST" name="setUpClass" finished-at="2020-12-31T13:24:45 IST" duration-ms="768" status="PASS">
          <reporter-output>
          </reporter-output>
        </test-method> <!-- setUpClass -->
        <test-method signature="runScenario(io.cucumber.testng.PickleWrapper, io.cucumber.testng.FeatureWrapper)[pri:0, instance:com.wq.runner.RunnerService@29e495ff]" started-at="2020-12-31T13:24:45 IST" name="runScenario" description="Runs Cucumber Scenarios" data-provider="scenarios" finished-at="2020-12-31T13:24:45 IST" duration-ms="277" status="PASS">
          <params>
            <param index="0">
              <value>
                <![CDATA["verify step one page without providing details"]]>
              </value>
            </param>
            <param index="1">
              <value>
                <![CDATA["Optional[Customer registration page data validations]"]]>
              </value>
            </param>
          </params>
          <reporter-output>
          </reporter-output>
        </test-method> <!-- runScenario -->
        <test-method is-config="true" signature="tearDownClass()[pri:0, instance:com.wq.runner.RunnerService@29e495ff]" started-at="2020-12-31T13:24:45 IST" name="tearDownClass" finished-at="2020-12-31T13:24:45 IST" duration-ms="212" status="PASS">
          <reporter-output>
          </reporter-output>
        </test-method> <!-- tearDownClass -->
      </class> <!-- com.wq.runner.RunnerService -->
    </test> <!-- Default test -->
  </suite> <!-- Default suite -->
</testng-results>
