<?xml version="1.0" encoding="UTF-8"?>
<testng-results ignored="0" total="1" passed="0" failed="1" skipped="0">
  <reporter-output>
  </reporter-output>
  <suite started-at="2020-12-24T22:01:44 IST" name="Default suite" finished-at="2020-12-24T22:01:52 IST" duration-ms="8192">
    <groups>
      <group name="cucumber">
        <method signature="AbstractTestNGCucumberTests.runScenario(io.cucumber.testng.PickleWrapper, io.cucumber.testng.FeatureWrapper)[pri:0, instance:com.wq.runner.RunnerService@40cb8df7]" name="runScenario" class="io.cucumber.testng.AbstractTestNGCucumberTests"/>
      </group> <!-- cucumber -->
    </groups>
    <test started-at="2020-12-24T22:01:44 IST" name="Default test" finished-at="2020-12-24T22:01:52 IST" duration-ms="8192">
      <class name="com.wq.runner.RunnerService">
        <test-method is-config="true" signature="setUpClass()[pri:0, instance:com.wq.runner.RunnerService@40cb8df7]" started-at="2020-12-24T22:01:44 IST" name="setUpClass" finished-at="2020-12-24T22:01:44 IST" duration-ms="203" status="PASS">
          <reporter-output>
          </reporter-output>
        </test-method> <!-- setUpClass -->
        <test-method signature="runScenario(io.cucumber.testng.PickleWrapper, io.cucumber.testng.FeatureWrapper)[pri:0, instance:com.wq.runner.RunnerService@40cb8df7]" started-at="2020-12-24T22:01:44 IST" name="runScenario" description="Runs Cucumber Scenarios" data-provider="scenarios" finished-at="2020-12-24T22:01:52 IST" duration-ms="7960" status="FAIL">
          <params>
            <param index="0">
              <value>
                <![CDATA["verify continue option without providing details"]]>
              </value>
            </param>
            <param index="1">
              <value>
                <![CDATA["Optional[Customer data validations]"]]>
              </value>
            </param>
          </params>
          <exception class="java.lang.IllegalArgumentException">
            <message>
              <![CDATA[Cannot find elements when the XPath is null.]]>
            </message>
            <full-stacktrace>
              <![CDATA[java.lang.IllegalArgumentException: Cannot find elements when the XPath is null.
at org.openqa.selenium.By$ByXPath.<init>(By.java:339)
at org.openqa.selenium.By.xpath(By.java:92)
at com.wq.pages.CustRegValidationPage.middleNameErrorMsg(CustRegValidationPage.java:50)
at com.wq.stepdefinations.CustRegValidation.click_on_continue_button(CustRegValidation.java:26)
at ✽.click on continue button(file:///C:/Work/workspace/Automation/eclipse/Moneytap-WQ/src/test/java/com/wq/features/custRegValidation.feature:7)
]]>
            </full-stacktrace>
          </exception> <!-- java.lang.IllegalArgumentException -->
          <reporter-output>
          </reporter-output>
        </test-method> <!-- runScenario -->
        <test-method is-config="true" signature="tearDownClass()[pri:0, instance:com.wq.runner.RunnerService@40cb8df7]" started-at="2020-12-24T22:01:52 IST" name="tearDownClass" finished-at="2020-12-24T22:01:52 IST" duration-ms="6" status="PASS">
          <reporter-output>
          </reporter-output>
        </test-method> <!-- tearDownClass -->
      </class> <!-- com.wq.runner.RunnerService -->
    </test> <!-- Default test -->
  </suite> <!-- Default suite -->
</testng-results>
