<?xml version="1.0" encoding="UTF-8"?>
<!-- Generated by org.testng.reporters.JUnitReportReporter -->
<testsuite hostname="DESKTOP-6V5GP4V" failures="1" tests="6" name="com.wq.runner.RunnerService" time="49.877" errors="0" timestamp="2020-12-28T20:02:36 IST" skipped="0">
  <testcase classname="com.wq.runner.RunnerService" name="runScenario" time="8.283"/>
  <system-out/>
  <testcase classname="com.wq.runner.RunnerService" name="runScenario" time="8.115"/>
  <system-out/>
  <testcase classname="com.wq.runner.RunnerService" name="runScenario" time="8.784"/>
  <system-out/>
  <testcase classname="com.wq.runner.RunnerService" name="runScenario" time="8.293">
    <failure message="expected [Address field does not allow three repeated characters.] but found [Address Line 1 does not allow three repeated characters.]" type="java.lang.AssertionError">
      <![CDATA[java.lang.AssertionError: expected [Address field does not allow three repeated characters.] but found [Address Line 1 does not allow three repeated characters.]
at org.testng.Assert.fail(Assert.java:99)
at org.testng.Assert.failNotEquals(Assert.java:1037)
at org.testng.Assert.assertEqualsImpl(Assert.java:140)
at org.testng.Assert.assertEquals(Assert.java:122)
at org.testng.Assert.assertEquals(Assert.java:629)
at org.testng.Assert.assertEquals(Assert.java:639)
at com.wq.stepdefinations.CustRegDataValidation.user_entered_second_adrress_line_with_three_repeated_chars(CustRegDataValidation.java:314)
at ✽.user entered second adrress line with three repeated chars(file:///C:/Work/workspace/Automation/eclipse/Moneytap-WQ/./src/test/java/com/wq/features/custRegDataValidation.feature:174)
]]>
    </failure>
  </testcase> <!-- runScenario -->
  <system-out/>
  <testcase classname="com.wq.runner.RunnerService" name="runScenario" time="8.179"/>
  <system-out/>
  <testcase classname="com.wq.runner.RunnerService" name="runScenario" time="8.223"/>
  <system-out/>
</testsuite> <!-- com.wq.runner.RunnerService -->
